-------------------------------------------------------------------------------
Test set: LoginServiceTest
-------------------------------------------------------------------------------
Tests run: 2, Failures: 1, Errors: 0, Skipped: 0, Time elapsed: 0.054 sec <<< FAILURE! - in LoginServiceTest
loginOK_passOK_shouldReturnSuccess  Time elapsed: 0.045 sec  <<< FAILURE!
org.opentest4j.AssertionFailedError: expected: <Sukcess> but was: <Sukces>
	at LoginServiceTest.loginOK_passOK_shouldReturnSuccess(LoginServiceTest.java:16)

